Build started 10/22/2016 1:10:46 AM.
     1>Project "C:\Users\Cristi Arde\Desktop\345 Assgn1\Assginment1\Assginment1\Assginment1.vcxproj" on node 2 (Build target(s)).
     1>ClCompile:
         C:\Program Files (x86)\Microsoft Visual Studio 12.0\VC\bin\CL.exe /c /I"C:\Users\Cristi Arde\Desktop\345 Assgn1\cppunit-1.12.1\include" /ZI /nologo /W3 /WX- /sdl /Od /Oy- /D WIN32 /D _DEBUG /D _CONSOLE /D _LIB /D _UNICODE /D UNICODE /Gm /EHsc /RTC1 /MDd /GS /fp:precise /Zc:wchar_t /Zc:forScope /Fo"Debug\\" /Fd"Debug\vc120.pdb" /Gd /TP /analyze- /errorReport:prompt ..\Character.cpp ..\CharacterTest.cpp ..\RunApp.cpp
         RunApp.cpp
         CharacterTest.cpp
         Character.cpp
         Generating Code...
       Link:
         C:\Program Files (x86)\Microsoft Visual Studio 12.0\VC\bin\link.exe /ERRORREPORT:PROMPT /OUT:"C:\Users\Cristi Arde\Desktop\345 Assgn1\Assginment1\Debug\Assginment1.exe" /INCREMENTAL /NOLOGO kernel32.lib user32.lib gdi32.lib winspool.lib comdlg32.lib advapi32.lib shell32.lib ole32.lib oleaut32.lib uuid.lib odbc32.lib odbccp32.lib "C:\Users\Cristi Arde\Desktop\345 Assgn1\cppunit-1.12.1\lib\cppunit.lib" kernel32.lib user32.lib gdi32.lib winspool.lib comdlg32.lib advapi32.lib shell32.lib ole32.lib oleaut32.lib uuid.lib odbc32.lib odbccp32.lib /MANIFEST /MANIFESTUAC:"level='asInvoker' uiAccess='false'" /manifest:embed /DEBUG /PDB:"C:\Users\Cristi Arde\Desktop\345 Assgn1\Assginment1\Debug\Assginment1.pdb" /SUBSYSTEM:CONSOLE /TLBID:1 /DYNAMICBASE /NXCOMPAT /IMPLIB:"C:\Users\Cristi Arde\Desktop\345 Assgn1\Assginment1\Debug\Assginment1.lib" /MACHINE:X86 Debug\Character.obj
         Debug\CharacterTest.obj
         Debug\RunApp.obj
         Assginment1.vcxproj -> C:\Users\Cristi Arde\Desktop\345 Assgn1\Assginment1\Debug\Assginment1.exe
       PostBuildEvent:
         "C:\Users\Cristi Arde\Desktop\345 Assgn1\Assginment1\Debug\Assginment1.exe"
         :VCEnd
         ....
         Damange Test
         OK (4)
         
         Test Unit monster has 0 hp left
         
         
         
         
     1>Done Building Project "C:\Users\Cristi Arde\Desktop\345 Assgn1\Assginment1\Assginment1\Assginment1.vcxproj" (Build target(s)).

Build succeeded.

Time Elapsed 00:00:01.52
